<?xml version="1.0" encoding="utf-8"?><testsuites name="pytest tests"><testsuite name="pytest" errors="0" failures="0" skipped="0" tests="11" time="8.603" timestamp="2026-04-13T10:20:48.294957+00:00" hostname="agent-env-304c059b-472b-41e0-afba-30a139346399"><testcase classname="backend.tests.test_ai_matching.TestAiMatchingStatus" name="test_ai_status_returns_available" time="0.209" /><testcase classname="backend.tests.test_ai_matching.TestAiMatchingPreview" name="test_preview_returns_unmapped_count" time="0.108" /><testcase classname="backend.tests.test_ai_matching.TestAiMatchingPreview" name="test_preview_batch_not_found" time="0.110" /><testcase classname="backend.tests.test_ai_matching.TestAiMatchingPreview" name="test_preview_batch_with_no_unmapped" time="0.112" /><testcase classname="backend.tests.test_ai_matching.TestAiMatchingRun" name="test_run_batch_not_found" time="0.101" /><testcase classname="backend.tests.test_ai_matching.TestAiMatchingRun" name="test_run_batch_with_no_unmapped" time="0.106" /><testcase classname="backend.tests.test_ai_matching.TestAiMatchingRun" name="test_run_ai_matching_on_priority_batch" time="7.261" /><testcase classname="backend.tests.test_ai_matching.TestAiMatchingResultsIntegration" name="test_ai_match_type_in_results" time="0.106" /><testcase classname="backend.tests.test_ai_matching.TestAiMatchingResultsIntegration" name="test_ai_matching_creates_audit_log" time="0.106" /><testcase classname="backend.tests.test_ai_matching.TestAiMatchingFilterInResults" name="test_filter_by_ai_match_type" time="0.109" /><testcase classname="backend.tests.test_ai_matching.TestBatchStatsAfterAiMatching" name="test_batch_stats_consistency" time="0.105" /></testsuite></testsuites>