<?xml version="1.0" encoding="utf-8"?><testsuites name="pytest tests"><testsuite name="pytest" errors="0" failures="0" skipped="0" tests="22" time="5.254" timestamp="2026-04-13T09:38:08.493797+00:00" hostname="agent-env-304c059b-472b-41e0-afba-30a139346399"><testcase classname="backend.tests.test_db_connectivity.TestHealthAndBasics" name="test_health_endpoint" time="0.214" /><testcase classname="backend.tests.test_db_connectivity.TestDatabaseConnections" name="test_list_connections" time="0.106" /><testcase classname="backend.tests.test_db_connectivity.TestDatabaseConnections" name="test_create_connection_sqlite" time="0.222" /><testcase classname="backend.tests.test_db_connectivity.TestDatabaseConnections" name="test_create_connection_missing_fields" time="0.124" /><testcase classname="backend.tests.test_db_connectivity.TestDatabaseConnections" name="test_get_connection_by_id" time="0.332" /><testcase classname="backend.tests.test_db_connectivity.TestDatabaseConnections" name="test_get_connection_not_found" time="0.120" /><testcase classname="backend.tests.test_db_connectivity.TestDatabaseConnections" name="test_delete_connection" time="0.308" /><testcase classname="backend.tests.test_db_connectivity.TestDatabaseConnections" name="test_delete_connection_not_found" time="0.117" /><testcase classname="backend.tests.test_db_connectivity.TestConnectionTest" name="test_connection_sqlite_success" time="0.103" /><testcase classname="backend.tests.test_db_connectivity.TestConnectionTest" name="test_connection_sqlite_failure" time="0.102" /><testcase classname="backend.tests.test_db_connectivity.TestConnectionTest" name="test_connection_postgresql_failure" time="0.109" /><testcase classname="backend.tests.test_db_connectivity.TestConnectionTest" name="test_connection_unsupported_type" time="0.109" /><testcase classname="backend.tests.test_db_connectivity.TestConnectionTables" name="test_get_tables_from_connection" time="0.205" /><testcase classname="backend.tests.test_db_connectivity.TestConnectionTables" name="test_get_tables_not_found_connection" time="0.193" /><testcase classname="backend.tests.test_db_connectivity.TestConnectionTableColumns" name="test_get_columns_for_table" time="0.209" /><testcase classname="backend.tests.test_db_connectivity.TestConnectionTableColumns" name="test_get_columns_not_found_connection" time="0.223" /><testcase classname="backend.tests.test_db_connectivity.TestConnectionTablePreview" name="test_preview_table_data" time="0.232" /><testcase classname="backend.tests.test_db_connectivity.TestConnectionTablePreview" name="test_preview_with_limit" time="0.212" /><testcase classname="backend.tests.test_db_connectivity.TestImportFromDatabase" name="test_import_table_from_db" time="0.524" /><testcase classname="backend.tests.test_db_connectivity.TestImportFromDatabase" name="test_import_with_limit" time="0.444" /><testcase classname="backend.tests.test_db_connectivity.TestImportFromDatabase" name="test_import_session_not_found" time="0.446" /><testcase classname="backend.tests.test_db_connectivity.TestImportFromDatabase" name="test_import_connection_not_found" time="0.415" /></testsuite></testsuites>