<?xml version="1.0" encoding="utf-8"?><testsuites name="pytest tests"><testsuite name="pytest" errors="0" failures="0" skipped="0" tests="18" time="5.465" timestamp="2026-04-13T10:06:59.341842+00:00" hostname="agent-env-304c059b-472b-41e0-afba-30a139346399"><testcase classname="backend.tests.test_keyword_rules.TestKeywordRulesAPI" name="test_list_keyword_rules" time="0.217" /><testcase classname="backend.tests.test_keyword_rules.TestKeywordRulesAPI" name="test_list_keyword_rules_include_inactive" time="0.111" /><testcase classname="backend.tests.test_keyword_rules.TestKeywordRulesAPI" name="test_seeded_rules_structure" time="0.104" /><testcase classname="backend.tests.test_keyword_rules.TestKeywordRulesAPI" name="test_create_simple_rule" time="0.212" /><testcase classname="backend.tests.test_keyword_rules.TestKeywordRulesAPI" name="test_create_compound_rule" time="0.211" /><testcase classname="backend.tests.test_keyword_rules.TestKeywordRulesAPI" name="test_create_rule_invalid_standard_code" time="0.105" /><testcase classname="backend.tests.test_keyword_rules.TestKeywordRulesAPI" name="test_create_rule_keywords_normalized" time="0.208" /><testcase classname="backend.tests.test_keyword_rules.TestKeywordRulesAPI" name="test_update_rule_confidence" time="0.438" /><testcase classname="backend.tests.test_keyword_rules.TestKeywordRulesAPI" name="test_update_rule_keywords" time="0.346" /><testcase classname="backend.tests.test_keyword_rules.TestKeywordRulesAPI" name="test_update_rule_toggle_active" time="0.440" /><testcase classname="backend.tests.test_keyword_rules.TestKeywordRulesAPI" name="test_update_rule_standard_code" time="0.347" /><testcase classname="backend.tests.test_keyword_rules.TestKeywordRulesAPI" name="test_update_rule_not_found" time="0.130" /><testcase classname="backend.tests.test_keyword_rules.TestKeywordRulesAPI" name="test_update_rule_no_fields" time="0.344" /><testcase classname="backend.tests.test_keyword_rules.TestKeywordRulesAPI" name="test_delete_rule" time="0.320" /><testcase classname="backend.tests.test_keyword_rules.TestKeywordRulesAPI" name="test_delete_rule_not_found" time="0.109" /><testcase classname="backend.tests.test_keyword_rules.TestMatchingEngineIntegration" name="test_custom_rule_affects_matching" time="0.843" /><testcase classname="backend.tests.test_keyword_rules.TestMatchingEngineIntegration" name="test_inactive_rule_not_used" time="0.540" /><testcase classname="backend.tests.test_keyword_rules.TestAuditLogging" name="test_create_rule_audit_log" time="0.336" /></testsuite></testsuites>