<?xml version="1.0" encoding="utf-8"?><testsuites name="pytest tests"><testsuite name="pytest" errors="0" failures="0" skipped="0" tests="29" time="4.260" timestamp="2026-04-13T10:50:04.233543+00:00" hostname="agent-env-304c059b-472b-41e0-afba-30a139346399"><testcase classname="backend.tests.test_regression_full.TestHealthAndBasicEndpoints" name="test_health_check" time="0.126" /><testcase classname="backend.tests.test_regression_full.TestHealthAndBasicEndpoints" name="test_api_root" time="0.117" /><testcase classname="backend.tests.test_regression_full.TestDashboardAndAnalytics" name="test_dashboard_stats" time="0.104" /><testcase classname="backend.tests.test_regression_full.TestDashboardAndAnalytics" name="test_analytics_endpoint" time="0.129" /><testcase classname="backend.tests.test_regression_full.TestStandardsCRUD" name="test_get_standards" time="0.127" /><testcase classname="backend.tests.test_regression_full.TestStandardsCRUD" name="test_create_standard" time="0.100" /><testcase classname="backend.tests.test_regression_full.TestStandardsCRUD" name="test_update_standard" time="0.105" /><testcase classname="backend.tests.test_regression_full.TestSynonymsCRUD" name="test_get_synonyms" time="0.112" /><testcase classname="backend.tests.test_regression_full.TestSynonymsCRUD" name="test_create_synonym" time="0.116" /><testcase classname="backend.tests.test_regression_full.TestKeywordRulesCRUD" name="test_get_keyword_rules" time="0.109" /><testcase classname="backend.tests.test_regression_full.TestKeywordRulesCRUD" name="test_get_keyword_rules_with_inactive" time="0.101" /><testcase classname="backend.tests.test_regression_full.TestKeywordRulesCRUD" name="test_create_keyword_rule" time="0.209" /><testcase classname="backend.tests.test_regression_full.TestBatchesAndResults" name="test_get_batches" time="0.107" /><testcase classname="backend.tests.test_regression_full.TestBatchesAndResults" name="test_get_batch_by_id" time="0.210" /><testcase classname="backend.tests.test_regression_full.TestBatchesAndResults" name="test_get_batch_results" time="0.218" /><testcase classname="backend.tests.test_regression_full.TestBatchesAndResults" name="test_batch_results_with_filters" time="0.410" /><testcase classname="backend.tests.test_regression_full.TestSandboxMatching" name="test_sandbox_exact_match" time="0.112" /><testcase classname="backend.tests.test_regression_full.TestSandboxMatching" name="test_sandbox_keyword_match" time="0.109" /><testcase classname="backend.tests.test_regression_full.TestSandboxMatching" name="test_sandbox_no_match" time="0.109" /><testcase classname="backend.tests.test_regression_full.TestSessionsAndIngestion" name="test_get_sessions" time="0.121" /><testcase classname="backend.tests.test_regression_full.TestSessionsAndIngestion" name="test_create_and_delete_session" time="0.234" /><testcase classname="backend.tests.test_regression_full.TestSessionsAndIngestion" name="test_get_domains" time="0.103" /><testcase classname="backend.tests.test_regression_full.TestAIMatchingEndpoints" name="test_ai_matching_status" time="0.100" /><testcase classname="backend.tests.test_regression_full.TestAIMatchingEndpoints" name="test_ai_matching_preview" time="0.203" /><testcase classname="backend.tests.test_regression_full.TestDatabaseConnections" name="test_get_connections" time="0.102" /><testcase classname="backend.tests.test_regression_full.TestDatabaseConnections" name="test_test_sqlite_connection" time="0.115" /><testcase classname="backend.tests.test_regression_full.TestAuditLogs" name="test_get_audit_logs" time="0.109" /><testcase classname="backend.tests.test_regression_full.TestAuditLogs" name="test_audit_logs_with_filter" time="0.104" /><testcase classname="backend.tests.test_regression_full.TestRetryMatching" name="test_retry_batch_matching" time="0.221" /></testsuite></testsuites>